;Because the plsi device name format used in old Synario system is
;differen from PDS+ used, so we add the file to supported the automatically
;trasforming. Now added the migration list, and not recommented list

;01/07/2008 Grace Yang, remove classic part

[Name Transfer]
;old_name = new_name

[MIGRATION]
; user would be prompt a message and only have choice of "ok"
; to use the migrated devices, refer to the "Auto-Migration"
; tab in device list

;============ XP2 ===========
LFXP2-5E-5M132CES=LFXP2-5E-5M132C
LFXP2-5E-6M132CES=LFXP2-5E-6M132C
LFXP2-5E-7M132CES=LFXP2-5E-7M132C
LFXP2-5E-5TN144CES=LFXP2-5E-5TN144C
LFXP2-5E-6TN144CES=LFXP2-5E-6TN144C
LFXP2-5E-7TN144CES=LFXP2-5E-7TN144C
LFXP2-5E-5QN208CES=LFXP2-5E-5QN208C
LFXP2-5E-6QN208CES=LFXP2-5E-6QN208C
LFXP2-5E-7QN208CES=LFXP2-5E-7QN208C
LFXP2-5E-5FT256CES=LFXP2-5E-5FT256C
LFXP2-5E-6FT256CES=LFXP2-5E-6FT256C
LFXP2-5E-7FT256CES=LFXP2-5E-7FT256C
LFXP2-5E-5M132IES=LFXP2-5E-5M132I
LFXP2-5E-6M132IES=LFXP2-5E-6M132I
LFXP2-5E-5TN144IES=LFXP2-5E-5TN144I
LFXP2-5E-6TN144IES=LFXP2-5E-6TN144I
LFXP2-5E-5QN208IES=LFXP2-5E-5QN208I
LFXP2-5E-6QN208IES=LFXP2-5E-6QN208I
LFXP2-5E-5FT256IES=LFXP2-5E-5FT256I
LFXP2-5E-6FT256IES=LFXP2-5E-6FT256I
LFXP2-8E-5M132CES=LFXP2-8E-5M132C
LFXP2-8E-6M132CES=LFXP2-8E-6M132C
LFXP2-8E-7M132CES=LFXP2-8E-7M132C
LFXP2-8E-5TN144CES=LFXP2-8E-5TN144C
LFXP2-8E-6TN144CES=LFXP2-8E-6TN144C
LFXP2-8E-7TN144CES=LFXP2-8E-7TN144C
LFXP2-8E-5QN208CES=LFXP2-8E-5QN208C
LFXP2-8E-6QN208CES=LFXP2-8E-6QN208C
LFXP2-8E-7QN208CES=LFXP2-8E-7QN208C
LFXP2-8E-5FT256CES=LFXP2-8E-5FT256C
LFXP2-8E-6FT256CES=LFXP2-8E-6FT256C
LFXP2-8E-7FT256CES=LFXP2-8E-7FT256C
LFXP2-8E-5M132IES=LFXP2-8E-5M132I
LFXP2-8E-6M132IES=LFXP2-8E-6M132I
LFXP2-8E-5TN144IES=LFXP2-8E-5TN144I
LFXP2-8E-6TN144IES=LFXP2-8E-6TN144I
LFXP2-8E-5QN208IES=LFXP2-8E-5QN208I
LFXP2-8E-6QN208IES=LFXP2-8E-6QN208I
LFXP2-8E-5FT256IES=LFXP2-8E-5FT256I
LFXP2-8E-6FT256IES=LFXP2-8E-6FT256I
LFXP2-17E-5QN208CES=LFXP2-17E-5QN208C
LFXP2-17E-6QN208CES=LFXP2-17E-6QN208C
LFXP2-17E-7QN208CES=LFXP2-17E-7QN208C
LFXP2-17E-5FT256CES=LFXP2-17E-5FT256C
LFXP2-17E-6FT256CES=LFXP2-17E-6FT256C
LFXP2-17E-7FT256CES=LFXP2-17E-7FT256C
LFXP2-17E-5F484CES=LFXP2-17E-5F484C
LFXP2-17E-6F484CES=LFXP2-17E-6F484C
LFXP2-17E-7F484CES=LFXP2-17E-7F484C
LFXP2-17E-5QN208IES=LFXP2-17E-5QN208I
LFXP2-17E-6QN208IES=LFXP2-17E-6QN208I
LFXP2-17E-5FT256IES=LFXP2-17E-5FT256I
LFXP2-17E-6FT256IES=LFXP2-17E-6FT256I
LFXP2-17E-5F484IES=LFXP2-17E-5F484I
LFXP2-17E-6F484IES=LFXP2-17E-6F484I
LFXP2-30E-5FT256CES=LFXP2-30E-5FT256C
LFXP2-30E-6FT256CES=LFXP2-30E-6FT256C
LFXP2-30E-7FT256CES=LFXP2-30E-7FT256C
LFXP2-30E-5F484CES=LFXP2-30E-5F484C
LFXP2-30E-6F484CES=LFXP2-30E-6F484C
LFXP2-30E-7F484CES=LFXP2-30E-7F484C
LFXP2-30E-5F672CES=LFXP2-30E-5F672C
LFXP2-30E-6F672CES=LFXP2-30E-6F672C
LFXP2-30E-7F672CES=LFXP2-30E-7F672C
LFXP2-30E-5FT256IES=LFXP2-30E-5FT256I
LFXP2-30E-6FT256IES=LFXP2-30E-6FT256I
LFXP2-30E-5F484IES=LFXP2-30E-5F484I
LFXP2-30E-6F484IES=LFXP2-30E-6F484I
LFXP2-30E-5F672IES=LFXP2-30E-5F672I
LFXP2-30E-6F672IES=LFXP2-30E-6F672I
LFXP2-40E-5F484CES=LFXP2-40E-5F484C
LFXP2-40E-6F484CES=LFXP2-40E-6F484C
LFXP2-40E-7F484CES=LFXP2-40E-7F484C
LFXP2-40E-5F672CES=LFXP2-40E-5F672C
LFXP2-40E-6F672CES=LFXP2-40E-6F672C
LFXP2-40E-7F672CES=LFXP2-40E-7F672C
LFXP2-40E-5F484IES=LFXP2-40E-5F484I
LFXP2-40E-6F484IES=LFXP2-40E-6F484I
LFXP2-40E-5F672IES=LFXP2-40E-5F672I
LFXP2-40E-6F672IES=LFXP2-40E-6F672I

LFXP2-5E-5T144CES=LFXP2-5E-5TN144C
LFXP2-5E-6T144CES=LFXP2-5E-6TN144C
LFXP2-5E-7T144CES=LFXP2-5E-7TN144C
LFXP2-5E-5Q208CES=LFXP2-5E-5QN208C
LFXP2-5E-6Q208CES=LFXP2-5E-6QN208C
LFXP2-5E-7Q208CES=LFXP2-5E-7QN208C
LFXP2-5E-5T144IES=LFXP2-5E-5TN144I
LFXP2-5E-6T144IES=LFXP2-5E-6TN144I
LFXP2-5E-5Q208IES=LFXP2-5E-5QN208I
LFXP2-5E-6Q208IES=LFXP2-5E-6QN208I
LFXP2-8E-5T144CES=LFXP2-8E-5TN144C
LFXP2-8E-6T144CES=LFXP2-8E-6TN144C
LFXP2-8E-7T144CES=LFXP2-8E-7TN144C
LFXP2-8E-5Q208CES=LFXP2-8E-5QN208C
LFXP2-8E-6Q208CES=LFXP2-8E-6QN208C
LFXP2-8E-7Q208CES=LFXP2-8E-7QN208C
LFXP2-8E-5T144IES=LFXP2-8E-5TN144I
LFXP2-8E-6T144IES=LFXP2-8E-6TN144I
LFXP2-8E-5Q208IES=LFXP2-8E-5QN208I
LFXP2-8E-6Q208IES=LFXP2-8E-6QN208I
LFXP2-17E-5Q208CES=LFXP2-17E-5QN208C
LFXP2-17E-6Q208CES=LFXP2-17E-6QN208C
LFXP2-17E-7Q208CES=LFXP2-17E-7QN208C
LFXP2-17E-5Q208IES=LFXP2-17E-5QN208I
LFXP2-17E-6Q208IES=LFXP2-17E-6QN208I

;============ ECP3 ===========
LFE3-95E-6F484CES=LFE3-95E-6FN484CES
LFE3-95E-7F484CES=LFE3-95E-7FN484CES
LFE3-95E-8F484CES=LFE3-95E-8FN484CES
LFE3-95E-6F672CES=LFE3-95E-6FN672CES
LFE3-95E-7F672CES=LFE3-95E-7FN672CES
LFE3-95E-8F672CES=LFE3-95E-8FN672CES
LFE3-95E-6F1152CES=LFE3-95E-6FN1152CES
LFE3-95E-7F1152CES=LFE3-95E-7FN1152CES
LFE3-95E-8F1152CES=LFE3-95E-8FN1152CES
LFE3-95E-6F484IES=LFE3-95E-6FN484IES
LFE3-95E-7F484IES=LFE3-95E-7FN484IES
LFE3-95E-6F672IES=LFE3-95E-6FN672IES
LFE3-95E-7F672IES=LFE3-95E-7FN672IES
LFE3-95E-6F1152IES=LFE3-95E-6FN1152IES
LFE3-95E-7F1152IES=LFE3-95E-7FN1152IES

;============ ECP2M ===========
LFE2M20E-5F256CES=LFE2M20E-5F256C
LFE2M20E-6F256CES=LFE2M20E-6F256C
LFE2M20E-7F256CES=LFE2M20E-7F256C
LFE2M20E-5F484CES=LFE2M20E-5F484C
LFE2M20E-6F484CES=LFE2M20E-6F484C
LFE2M20E-7F484CES=LFE2M20E-7F484C
LFE2M20E-5F256IES=LFE2M20E-5F256I
LFE2M20E-6F256IES=LFE2M20E-6F256I
LFE2M20E-5F484IES=LFE2M20E-5F484I
LFE2M20E-6F484IES=LFE2M20E-6F484I
LFE2M50E-5F484CES=LFE2M50E-5F484C
LFE2M50E-6F484CES=LFE2M50E-6F484C
LFE2M50E-7F484CES=LFE2M50E-7F484C
LFE2M50E-5F672CES=LFE2M50E-5F672C
LFE2M50E-6F672CES=LFE2M50E-6F672C
LFE2M50E-7F672CES=LFE2M50E-7F672C
LFE2M50E-5F900CES=LFE2M50E-5F900C
LFE2M50E-6F900CES=LFE2M50E-6F900C
LFE2M50E-7F900CES=LFE2M50E-7F900C
LFE2M50E-5F484IES=LFE2M50E-5F484I
LFE2M50E-6F484IES=LFE2M50E-6F484I
LFE2M50E-5F672IES=LFE2M50E-5F672I
LFE2M50E-6F672IES=LFE2M50E-6F672I
LFE2M50E-5F900IES=LFE2M50E-5F900I
LFE2M50E-6F900IES=LFE2M50E-6F900I
LFE2M70E-5F900CES=LFE2M70E-5F900C
LFE2M70E-6F900CES=LFE2M70E-6F900C
LFE2M70E-7F900CES=LFE2M70E-7F900C
LFE2M70E-5F1152CES=LFE2M70E-5F1152C
LFE2M70E-6F1152CES=LFE2M70E-6F1152C
LFE2M70E-7F1152CES=LFE2M70E-7F1152C
LFE2M70E-5F900IES=LFE2M70E-5F900I
LFE2M70E-6F900IES=LFE2M70E-6F900I
LFE2M70E-5F1152IES=LFE2M70E-5F1152I
LFE2M70E-6F1152IES=LFE2M70E-6F1152I
LFE2M100E-5F900CES=LFE2M100E-5F900C
LFE2M100E-6F900CES=LFE2M100E-6F900C
LFE2M100E-7F900CES=LFE2M100E-7F900C
LFE2M100E-5F1152CES=LFE2M100E-5F1152C
LFE2M100E-6F1152CES=LFE2M100E-6F1152C
LFE2M100E-7F1152CES=LFE2M100E-7F1152C
LFE2M100E-5F900IES=LFE2M100E-5F900I
LFE2M100E-6F900IES=LFE2M100E-6F900I
LFE2M100E-5F1152IES=LFE2M100E-5F1152I
LFE2M100E-6F1152IES=LFE2M100E-6F1152I
LFE2M20SE-5F256CES=LFE2M20SE-5F256C
LFE2M20SE-6F256CES=LFE2M20SE-6F256C
LFE2M20SE-7F256CES=LFE2M20SE-7F256C
LFE2M20SE-5F484CES=LFE2M20SE-5F484C
LFE2M20SE-6F484CES=LFE2M20SE-6F484C
LFE2M20SE-7F484CES=LFE2M20SE-7F484C
LFE2M20SE-5F256IES=LFE2M20SE-5F256I
LFE2M20SE-6F256IES=LFE2M20SE-6F256I
LFE2M20SE-5F484IES=LFE2M20SE-5F484I
LFE2M20SE-6F484IES=LFE2M20SE-6F484I
LFE2M35SE-5F256CES=LFE2M35SE-5F256C
LFE2M35SE-6F256CES=LFE2M35SE-6F256C
LFE2M35SE-7F256CES=LFE2M35SE-7F256C
LFE2M35SE-5F484CES=LFE2M35SE-5F484C
LFE2M35SE-6F484CES=LFE2M35SE-6F484C
LFE2M35SE-7F484CES=LFE2M35SE-7F484C
LFE2M35SE-5F672CES=LFE2M35SE-5F672C
LFE2M35SE-6F672CES=LFE2M35SE-6F672C
LFE2M35SE-7F672CES=LFE2M35SE-7F672C
LFE2M35SE-5F256IES=LFE2M35SE-5F256I
LFE2M35SE-6F256IES=LFE2M35SE-6F256I
LFE2M35SE-5F484IES=LFE2M35SE-5F484I
LFE2M35SE-6F484IES=LFE2M35SE-6F484I
LFE2M35SE-5F672IES=LFE2M35SE-5F672I
LFE2M35SE-6F672IES=LFE2M35SE-6F672I
LFE2M50SE-5F484CES=LFE2M50SE-5F484C
LFE2M50SE-6F484CES=LFE2M50SE-6F484C
LFE2M50SE-7F484CES=LFE2M50SE-7F484C
LFE2M50SE-5F672CES=LFE2M50SE-5F672C
LFE2M50SE-6F672CES=LFE2M50SE-6F672C
LFE2M50SE-7F672CES=LFE2M50SE-7F672C
LFE2M50SE-5F900CES=LFE2M50SE-5F900C
LFE2M50SE-6F900CES=LFE2M50SE-6F900C
LFE2M50SE-7F900CES=LFE2M50SE-7F900C
LFE2M50SE-5F484IES=LFE2M50SE-5F484I
LFE2M50SE-6F484IES=LFE2M50SE-6F484I
LFE2M50SE-5F672IES=LFE2M50SE-5F672I
LFE2M50SE-6F672IES=LFE2M50SE-6F672I
LFE2M50SE-5F900IES=LFE2M50SE-5F900I
LFE2M50SE-6F900IES=LFE2M50SE-6F900I
LFE2M70SE-5F900CES=LFE2M70SE-5F900C
LFE2M70SE-6F900CES=LFE2M70SE-6F900C
LFE2M70SE-7F900CES=LFE2M70SE-7F900C
LFE2M70SE-5F1152CES=LFE2M70SE-5F1152C
LFE2M70SE-6F1152CES=LFE2M70SE-6F1152C
LFE2M70SE-7F1152CES=LFE2M70SE-7F1152C
LFE2M70SE-5F900IES=LFE2M70SE-5F900I
LFE2M70SE-6F900IES=LFE2M70SE-6F900I
LFE2M70SE-5F1152IES=LFE2M70SE-5F1152I
LFE2M70SE-6F1152IES=LFE2M70SE-6F1152I
LFE2M100SE-5F900CES=LFE2M100SE-5F900C
LFE2M100SE-6F900CES=LFE2M100SE-6F900C
LFE2M100SE-7F900CES=LFE2M100SE-7F900C
LFE2M100SE-5F1152CES=LFE2M100SE-5F1152C
LFE2M100SE-6F1152CES=LFE2M100SE-6F1152C
LFE2M100SE-7F1152CES=LFE2M100SE-7F1152C
LFE2M100SE-5F900IES=LFE2M100SE-5F900I
LFE2M100SE-6F900IES=LFE2M100SE-6F900I
LFE2M100SE-5F1152IES=LFE2M100SE-5F1152I
LFE2M100SE-6F1152IES=LFE2M100SE-6F1152I

;============ SC ===========
LFSC3GA15E-5F256CES=LFSC3GA15E-5F256C
LFSC3GA15E-6F256CES=LFSC3GA15E-6F256C
LFSC3GA15E-7F256CES=LFSC3GA15E-7F256C
LFSC3GA15E-5F900CES=LFSC3GA15E-5F900C
LFSC3GA15E-6F900CES=LFSC3GA15E-6F900C
LFSC3GA15E-7F900CES=LFSC3GA15E-7F900C
LFSC3GA15E-5F256IES=LFSC3GA15E-5F256I
LFSC3GA15E-6F256IES=LFSC3GA15E-6F256I
LFSC3GA15E-5F900IES=LFSC3GA15E-5F900I
LFSC3GA15E-6F900IES=LFSC3GA15E-6F900I
LFSC3GA25E-5FF1020CES=LFSC3GA25E-5FF1020C
LFSC3GA25E-6FF1020CES=LFSC3GA25E-6FF1020C
LFSC3GA25E-7FF1020CES=LFSC3GA25E-7FF1020C
LFSC3GA25E-5F900CES=LFSC3GA25E-5F900C
LFSC3GA25E-6F900CES=LFSC3GA25E-6F900C
LFSC3GA25E-7F900CES=LFSC3GA25E-7F900C
LFSC3GA25E-5FF1020IES=LFSC3GA25E-5FF1020I
LFSC3GA25E-6FF1020IES=LFSC3GA25E-6FF1020I
LFSC3GA25E-5F900IES=LFSC3GA25E-5F900I
LFSC3GA25E-6F900IES=LFSC3GA25E-6F900I
LFSC3GA40E-5FF1020CES=LFSC3GA40E-5FF1020C
LFSC3GA40E-6FF1020CES=LFSC3GA40E-6FF1020C
LFSC3GA40E-7FF1020CES=LFSC3GA40E-7FF1020C
LFSC3GA40E-5FC1152CES=LFSC3GA40E-5FC1152C
LFSC3GA40E-6FC1152CES=LFSC3GA40E-6FC1152C
LFSC3GA40E-7FC1152CES=LFSC3GA40E-7FC1152C
LFSC3GA40E-5FF1020IES=LFSC3GA40E-5FF1020I
LFSC3GA40E-6FF1020IES=LFSC3GA40E-6FF1020I
LFSC3GA40E-5FC1152IES=LFSC3GA40E-5FC1152I
LFSC3GA40E-6FC1152IES=LFSC3GA40E-6FC1152I
LFSC3GA80E-5FC1152CES=LFSC3GA80E-5FC1152C
LFSC3GA80E-6FC1152CES=LFSC3GA80E-6FC1152C
LFSC3GA80E-7FC1152CES=LFSC3GA80E-7FC1152C
LFSC3GA80E-5FC1704CES=LFSC3GA80E-5FC1704C
LFSC3GA80E-6FC1704CES=LFSC3GA80E-6FC1704C
LFSC3GA80E-7FC1704CES=LFSC3GA80E-7FC1704C
LFSC3GA80E-5FC1152IES=LFSC3GA80E-5FC1152I
LFSC3GA80E-6FC1152IES=LFSC3GA80E-6FC1152I
LFSC3GA80E-5FC1704IES=LFSC3GA80E-5FC1704I
LFSC3GA80E-6FC1704IES=LFSC3GA80E-6FC1704I
LFSC3GA115E-5FC1152CES=LFSC3GA115E-5FC1152C
LFSC3GA115E-6FC1152CES=LFSC3GA115E-6FC1152C
LFSC3GA115E-7FC1152CES=LFSC3GA115E-7FC1152C
LFSC3GA115E-5FC1704CES=LFSC3GA115E-5FC1704C
LFSC3GA115E-6FC1704CES=LFSC3GA115E-6FC1704C
LFSC3GA115E-7FC1704CES=LFSC3GA115E-7FC1704C
LFSC3GA115E-5FC1152IES=LFSC3GA115E-5FC1152I
LFSC3GA115E-6FC1152IES=LFSC3GA115E-6FC1152I
LFSC3GA115E-5FC1704IES=LFSC3GA115E-5FC1704I
LFSC3GA115E-6FC1704IES=LFSC3GA115E-6FC1704I

;============ SCM ===========
LFSCM3GA15EP1-5F256CES=LFSCM3GA15EP1-5F256C
LFSCM3GA15EP1-6F256CES=LFSCM3GA15EP1-6F256C
LFSCM3GA15EP1-7F256CES=LFSCM3GA15EP1-7F256C
LFSCM3GA15EP1-5F900CES=LFSCM3GA15EP1-5F900C
LFSCM3GA15EP1-6F900CES=LFSCM3GA15EP1-6F900C
LFSCM3GA15EP1-7F900CES=LFSCM3GA15EP1-7F900C
LFSCM3GA15EP1-5F256IES=LFSCM3GA15EP1-5F256I
LFSCM3GA15EP1-6F256IES=LFSCM3GA15EP1-6F256I
LFSCM3GA15EP1-5F900IES=LFSCM3GA15EP1-5F900I
LFSCM3GA15EP1-6F900IES=LFSCM3GA15EP1-6F900I
LFSCM3GA25EP1-5FF1020CES=LFSCM3GA25EP1-5FF1020C
LFSCM3GA25EP1-6FF1020CES=LFSCM3GA25EP1-6FF1020C
LFSCM3GA25EP1-7FF1020CES=LFSCM3GA25EP1-7FF1020C
LFSCM3GA25EP1-5F900CES=LFSCM3GA25EP1-5F900C
LFSCM3GA25EP1-6F900CES=LFSCM3GA25EP1-6F900C
LFSCM3GA25EP1-7F900CES=LFSCM3GA25EP1-7F900C
LFSCM3GA25EP1-5FF1020IES=LFSCM3GA25EP1-5FF1020I
LFSCM3GA25EP1-6FF1020IES=LFSCM3GA25EP1-6FF1020I
LFSCM3GA25EP1-5F900IES=LFSCM3GA25EP1-5F900I
LFSCM3GA25EP1-6F900IES=LFSCM3GA25EP1-6F900I
LFSCM3GA40EP1-5FF1020CES=LFSCM3GA40EP1-5FF1020C
LFSCM3GA40EP1-6FF1020CES=LFSCM3GA40EP1-6FF1020C
LFSCM3GA40EP1-7FF1020CES=LFSCM3GA40EP1-7FF1020C
LFSCM3GA40EP1-5FC1152CES=LFSCM3GA40EP1-5FC1152C
LFSCM3GA40EP1-6FC1152CES=LFSCM3GA40EP1-6FC1152C
LFSCM3GA40EP1-7FC1152CES=LFSCM3GA40EP1-7FC1152C
LFSCM3GA40EP1-5FF1020IES=LFSCM3GA40EP1-5FF1020I
LFSCM3GA40EP1-6FF1020IES=LFSCM3GA40EP1-6FF1020I
LFSCM3GA40EP1-5FC1152IES=LFSCM3GA40EP1-5FC1152I
LFSCM3GA40EP1-6FC1152IES=LFSCM3GA40EP1-6FC1152I
LFSCM3GA80EP1-5FC1152CES=LFSCM3GA80EP1-5FC1152C
LFSCM3GA80EP1-6FC1152CES=LFSCM3GA80EP1-6FC1152C
LFSCM3GA80EP1-7FC1152CES=LFSCM3GA80EP1-7FC1152C
LFSCM3GA80EP1-5FC1704CES=LFSCM3GA80EP1-5FC1704C
LFSCM3GA80EP1-6FC1704CES=LFSCM3GA80EP1-6FC1704C
LFSCM3GA80EP1-7FC1704CES=LFSCM3GA80EP1-7FC1704C
LFSCM3GA80EP1-5FC1152IES=LFSCM3GA80EP1-5FC1152I
LFSCM3GA80EP1-6FC1152IES=LFSCM3GA80EP1-6FC1152I
LFSCM3GA80EP1-5FC1704IES=LFSCM3GA80EP1-5FC1704I
LFSCM3GA80EP1-6FC1704IES=LFSCM3GA80EP1-6FC1704I
LFSCM3GA115EP1-5FC1152CES=LFSCM3GA115EP1-5FC1152C
LFSCM3GA115EP1-6FC1152CES=LFSCM3GA115EP1-6FC1152C
LFSCM3GA115EP1-7FC1152CES=LFSCM3GA115EP1-7FC1152C
LFSCM3GA115EP1-5FC1704CES=LFSCM3GA115EP1-5FC1704C
LFSCM3GA115EP1-6FC1704CES=LFSCM3GA115EP1-6FC1704C
LFSCM3GA115EP1-7FC1704CES=LFSCM3GA115EP1-7FC1704C
LFSCM3GA115EP1-5FC1152IES=LFSCM3GA115EP1-5FC1152I
LFSCM3GA115EP1-6FC1152IES=LFSCM3GA115EP1-6FC1152I
LFSCM3GA115EP1-5FC1704IES=LFSCM3GA115EP1-5FC1704I
LFSCM3GA115EP1-6FC1704IES=LFSCM3GA115EP1-6FC1704I

;============ ECP2 ===========
LFE2-6E-5T144CES=LFE2-6E-5T144C
LFE2-6E-6T144CES=LFE2-6E-6T144C
LFE2-6E-7T144CES=LFE2-6E-7T144C
LFE2-6E-5F256CES=LFE2-6E-5F256C
LFE2-6E-6F256CES=LFE2-6E-6F256C
LFE2-6E-7F256CES=LFE2-6E-7F256C
LFE2-6E-5T144IES=LFE2-6E-5T144I
LFE2-6E-6T144IES=LFE2-6E-6T144I
LFE2-6E-5F256IES=LFE2-6E-5F256I
LFE2-6E-6F256IES=LFE2-6E-6F256I
LFE2-12E-5T144CES=LFE2-12E-5T144C
LFE2-12E-6T144CES=LFE2-12E-6T144C
LFE2-12E-7T144CES=LFE2-12E-7T144C
LFE2-12E-5Q208CES=LFE2-12E-5Q208C
LFE2-12E-6Q208CES=LFE2-12E-6Q208C
LFE2-12E-7Q208CES=LFE2-12E-7Q208C
LFE2-12E-5F256CES=LFE2-12E-5F256C
LFE2-12E-6F256CES=LFE2-12E-6F256C
LFE2-12E-7F256CES=LFE2-12E-7F256C
LFE2-12E-5F484CES=LFE2-12E-5F484C
LFE2-12E-6F484CES=LFE2-12E-6F484C
LFE2-12E-7F484CES=LFE2-12E-7F484C
LFE2-12E-5T144IES=LFE2-12E-5T144I
LFE2-12E-6T144IES=LFE2-12E-6T144I
LFE2-12E-5Q208IES=LFE2-12E-5Q208I
LFE2-12E-6Q208IES=LFE2-12E-6Q208I
LFE2-12E-5F256IES=LFE2-12E-5F256I
LFE2-12E-6F256IES=LFE2-12E-6F256I
LFE2-12E-5F484IES=LFE2-12E-5F484I
LFE2-12E-6F484IES=LFE2-12E-6F484I
LFE2-20E-5Q208CES=LFE2-20E-5Q208C
LFE2-20E-6Q208CES=LFE2-20E-6Q208C
LFE2-20E-7Q208CES=LFE2-20E-7Q208C
LFE2-20E-5F256CES=LFE2-20E-5F256C
LFE2-20E-6F256CES=LFE2-20E-6F256C
LFE2-20E-7F256CES=LFE2-20E-7F256C
LFE2-20E-5F484CES=LFE2-20E-5F484C
LFE2-20E-6F484CES=LFE2-20E-6F484C
LFE2-20E-7F484CES=LFE2-20E-7F484C
LFE2-20E-5F672CES=LFE2-20E-5F672C
LFE2-20E-6F672CES=LFE2-20E-6F672C
LFE2-20E-7F672CES=LFE2-20E-7F672C
LFE2-20E-5Q208IES=LFE2-20E-5Q208I
LFE2-20E-6Q208IES=LFE2-20E-6Q208I
LFE2-20E-5F256IES=LFE2-20E-5F256I
LFE2-20E-6F256IES=LFE2-20E-6F256I
LFE2-20E-5F484IES=LFE2-20E-5F484I
LFE2-20E-6F484IES=LFE2-20E-6F484I
LFE2-20E-5F672IES=LFE2-20E-5F672I
LFE2-20E-6F672IES=LFE2-20E-6F672I
LFE2-35E-5F484CES=LFE2-35E-5F484C
LFE2-35E-6F484CES=LFE2-35E-6F484C
LFE2-35E-7F484CES=LFE2-35E-7F484C
LFE2-35E-5F672CES=LFE2-35E-5F672C
LFE2-35E-6F672CES=LFE2-35E-6F672C
LFE2-35E-7F672CES=LFE2-35E-7F672C
LFE2-35E-5F484IES=LFE2-35E-5F484I
LFE2-35E-6F484IES=LFE2-35E-6F484I
LFE2-35E-5F672IES=LFE2-35E-5F672I
LFE2-35E-6F672IES=LFE2-35E-6F672I
LFE2-50E-5F484CES=LFE2-50E-5F484C
LFE2-50E-6F484CES=LFE2-50E-6F484C
LFE2-50E-7F484CES=LFE2-50E-7F484C
LFE2-50E-5F672CES=LFE2-50E-5F672C
LFE2-50E-6F672CES=LFE2-50E-6F672C
LFE2-50E-7F672CES=LFE2-50E-7F672C
LFE2-50E-5F484IES=LFE2-50E-5F484I
LFE2-50E-6F484IES=LFE2-50E-6F484I
LFE2-50E-5F672IES=LFE2-50E-5F672I
LFE2-50E-6F672IES=LFE2-50E-6F672I
LFE2-70E-5F672CES=LFE2-70E-5F672C
LFE2-70E-6F672CES=LFE2-70E-6F672C
LFE2-70E-7F672CES=LFE2-70E-7F672C
LFE2-70E-5F900CES=LFE2-70E-5F900C
LFE2-70E-6F900CES=LFE2-70E-6F900C
LFE2-70E-7F900CES=LFE2-70E-7F900C
LFE2-70E-5F672IES=LFE2-70E-5F672I
LFE2-70E-6F672IES=LFE2-70E-6F672I
LFE2-70E-5F900IES=LFE2-70E-5F900I
LFE2-70E-6F900IES=LFE2-70E-6F900I
LFE2-6SE-5T144CES=LFE2-6SE-5T144C
LFE2-6SE-6T144CES=LFE2-6SE-6T144C
LFE2-6SE-7T144CES=LFE2-6SE-7T144C
LFE2-6SE-5F256CES=LFE2-6SE-5F256C
LFE2-6SE-6F256CES=LFE2-6SE-6F256C
LFE2-6SE-7F256CES=LFE2-6SE-7F256C
LFE2-6SE-5T144IES=LFE2-6SE-5T144I
LFE2-6SE-6T144IES=LFE2-6SE-6T144I
LFE2-6SE-5F256IES=LFE2-6SE-5F256I
LFE2-6SE-6F256IES=LFE2-6SE-6F256I
LFE2-12SE-5T144CES=LFE2-12SE-5T144C
LFE2-12SE-6T144CES=LFE2-12SE-6T144C
LFE2-12SE-7T144CES=LFE2-12SE-7T144C
LFE2-12SE-5Q208CES=LFE2-12SE-5Q208C
LFE2-12SE-6Q208CES=LFE2-12SE-6Q208C
LFE2-12SE-7Q208CES=LFE2-12SE-7Q208C
LFE2-12SE-5F256CES=LFE2-12SE-5F256C
LFE2-12SE-6F256CES=LFE2-12SE-6F256C
LFE2-12SE-7F256CES=LFE2-12SE-7F256C
LFE2-12SE-5F484CES=LFE2-12SE-5F484C
LFE2-12SE-6F484CES=LFE2-12SE-6F484C
LFE2-12SE-7F484CES=LFE2-12SE-7F484C
LFE2-12SE-5T144IES=LFE2-12SE-5T144I
LFE2-12SE-6T144IES=LFE2-12SE-6T144I
LFE2-12SE-5Q208IES=LFE2-12SE-5Q208I
LFE2-12SE-6Q208IES=LFE2-12SE-6Q208I
LFE2-12SE-5F256IES=LFE2-12SE-5F256I
LFE2-12SE-6F256IES=LFE2-12SE-6F256I
LFE2-12SE-5F484IES=LFE2-12SE-5F484I
LFE2-12SE-6F484IES=LFE2-12SE-6F484I
LFE2-20SE-5Q208CES=LFE2-20SE-5Q208C
LFE2-20SE-6Q208CES=LFE2-20SE-6Q208C
LFE2-20SE-7Q208CES=LFE2-20SE-7Q208C
LFE2-20SE-5F256CES=LFE2-20SE-5F256C
LFE2-20SE-6F256CES=LFE2-20SE-6F256C
LFE2-20SE-7F256CES=LFE2-20SE-7F256C
LFE2-20SE-5F484CES=LFE2-20SE-5F484C
LFE2-20SE-6F484CES=LFE2-20SE-6F484C
LFE2-20SE-7F484CES=LFE2-20SE-7F484C
LFE2-20SE-5F672CES=LFE2-20SE-5F672C
LFE2-20SE-6F672CES=LFE2-20SE-6F672C
LFE2-20SE-7F672CES=LFE2-20SE-7F672C
LFE2-20SE-5Q208IES=LFE2-20SE-5Q208I
LFE2-20SE-6Q208IES=LFE2-20SE-6Q208I
LFE2-20SE-5F256IES=LFE2-20SE-5F256I
LFE2-20SE-6F256IES=LFE2-20SE-6F256I
LFE2-20SE-5F484IES=LFE2-20SE-5F484I
LFE2-20SE-6F484IES=LFE2-20SE-6F484I
LFE2-20SE-5F672IES=LFE2-20SE-5F672I
LFE2-20SE-6F672IES=LFE2-20SE-6F672I
LFE2-35SE-5F484CES=LFE2-35SE-5F484C
LFE2-35SE-6F484CES=LFE2-35SE-6F484C
LFE2-35SE-7F484CES=LFE2-35SE-7F484C
LFE2-35SE-5F672CES=LFE2-35SE-5F672C
LFE2-35SE-6F672CES=LFE2-35SE-6F672C
LFE2-35SE-7F672CES=LFE2-35SE-7F672C
LFE2-35SE-5F484IES=LFE2-35SE-5F484I
LFE2-35SE-6F484IES=LFE2-35SE-6F484I
LFE2-35SE-5F672IES=LFE2-35SE-5F672I
LFE2-35SE-6F672IES=LFE2-35SE-6F672I
LFE2-50SE-5F484CES=LFE2-50SE-5F484C
LFE2-50SE-6F484CES=LFE2-50SE-6F484C
LFE2-50SE-7F484CES=LFE2-50SE-7F484C
LFE2-50SE-5F672CES=LFE2-50SE-5F672C
LFE2-50SE-6F672CES=LFE2-50SE-6F672C
LFE2-50SE-7F672CES=LFE2-50SE-7F672C
LFE2-50SE-5F484IES=LFE2-50SE-5F484I
LFE2-50SE-6F484IES=LFE2-50SE-6F484I
LFE2-50SE-5F672IES=LFE2-50SE-5F672I
LFE2-50SE-6F672IES=LFE2-50SE-6F672I
LFE2-70SE-5F672CES=LFE2-70SE-5F672C
LFE2-70SE-6F672CES=LFE2-70SE-6F672C
LFE2-70SE-7F672CES=LFE2-70SE-7F672C
LFE2-70SE-5F900CES=LFE2-70SE-5F900C
LFE2-70SE-6F900CES=LFE2-70SE-6F900C
LFE2-70SE-7F900CES=LFE2-70SE-7F900C
LFE2-70SE-5F672IES=LFE2-70SE-5F672I
LFE2-70SE-6F672IES=LFE2-70SE-6F672I
LFE2-70SE-5F900IES=LFE2-70SE-5F900I
LFE2-70SE-6F900IES=LFE2-70SE-6F900I

;============ XP ===========
LFXP3C-3P208C=LFXP3C-3Q208C
LFXP3C-4P208C=LFXP3C-4Q208C
LFXP3C-5P208C=LFXP3C-5Q208C
LFXP3C-3P208I=LFXP3C-3Q208I
LFXP3C-4P208I=LFXP3C-4Q208I
LFXP3E-3P208C=LFXP3E-3Q208C
LFXP3E-4P208C=LFXP3E-4Q208C
LFXP3E-5P208C=LFXP3E-5Q208C
LFXP3E-3P208I=LFXP3E-3Q208I
LFXP3E-4P208I=LFXP3E-4Q208I
LFXP6C-3P208C=LFXP6C-3Q208C
LFXP6C-4P208C=LFXP6C-4Q208C
LFXP6C-5P208C=LFXP6C-5Q208C
LFXP6C-3P208I=LFXP6C-3Q208I
LFXP6C-4P208I=LFXP6C-4Q208I
LFXP6E-3P208C=LFXP6E-3Q208C
LFXP6E-4P208C=LFXP6E-4Q208C
LFXP6E-5P208C=LFXP6E-5Q208C
LFXP6E-3P208I=LFXP6E-3Q208I
LFXP6E-4P208I=LFXP6E-4Q208I

;============ ECP3 ===========
LFE3-17E-6FN256CES=LFE3-17EA-6FTN256CES
LFE3-17E-7FN256CES=LFE3-17EA-7FTN256CES
LFE3-17E-8FN256CES=LFE3-17EA-8FTN256CES
LFE3-17E-6FN484CES=LFE3-17EA-6FN484CES
LFE3-17E-7FN484CES=LFE3-17EA-7FN484CES
LFE3-17E-8FN484CES=LFE3-17EA-8FN484CES
LFE3-17E-6FN256IES=LFE3-17EA-6FTN256IES
LFE3-17E-7FN256IES=LFE3-17EA-7FTN256IES
LFE3-17E-8FN256IES=LFE3-17EA-8FTN256IES
LFE3-17E-6FN484IES=LFE3-17EA-6FN484IES
LFE3-17E-7FN484IES=LFE3-17EA-7FN484IES
LFE3-17E-8FN484IES=LFE3-17EA-8FN484IES
LFE3-35E-6FN256CES=LFE3-35EA-6FTN256CES
LFE3-35E-7FN256CES=LFE3-35EA-7FTN256CES
LFE3-35E-8FN256CES=LFE3-35EA-8FTN256CES
LFE3-35E-6FN484CES=LFE3-35EA-6FN484CES
LFE3-35E-7FN484CES=LFE3-35EA-7FN484CES
LFE3-35E-8FN484CES=LFE3-35EA-8FN484CES
LFE3-35E-6FN672CES=LFE3-35EA-6FN672CES
LFE3-35E-7FN672CES=LFE3-35EA-7FN672CES
LFE3-35E-8FN672CES=LFE3-35EA-8FN672CES
LFE3-35E-6FN256IES=LFE3-35EA-6FTN256IES
LFE3-35E-7FN256IES=LFE3-35EA-7FTN256IES
LFE3-35E-8FN256IES=LFE3-35EA-8FTN256IES
LFE3-35E-6FN484IES=LFE3-35EA-6FN484IES
LFE3-35E-7FN484IES=LFE3-35EA-7FN484IES
LFE3-35E-8FN484IES=LFE3-35EA-8FN484IES
LFE3-35E-6FN672IES=LFE3-35EA-6FN672IES
LFE3-35E-7FN672IES=LFE3-35EA-7FN672IES
LFE3-35E-8FN672IES=LFE3-35EA-8FN672IES
;8_1 rev3 - Change all the ECP3-150TW parts to non-TW, and auto-migrate the old TW parts to the non-TW equivalents
LFE3-150E-6FN672CES=LFE3-150EA-6FN672CES
LFE3-150E-7FN672CES=LFE3-150EA-7FN672CES
LFE3-150E-8FN672CES=LFE3-150EA-8FN672CES
LFE3-150E-6FN1156CES=LFE3-150EA-6FN1156CES
LFE3-150E-7FN1156CES=LFE3-150EA-7FN1156CES
LFE3-150E-8FN1156CES=LFE3-150EA-8FN1156CES
LFE3-150E-6FN672IES=LFE3-150EA-6FN672IES
LFE3-150E-7FN672IES=LFE3-150EA-7FN672IES
LFE3-150E-8FN672IES=LFE3-150EA-8FN672IES
LFE3-150E-6FN1156IES=LFE3-150EA-6FN1156IES
LFE3-150E-7FN1156IES=LFE3-150EA-7FN1156IES
LFE3-150E-8FN1156IES=LFE3-150EA-8FN1156IES

;8_1 rev3 - Change all the ECP3-150TW parts to non-TW, and auto-migrate the old TW parts to the non-TW equivalents
LFE3-150EA-6FN672CTW=LFE3-150EA-6FN672CES
LFE3-150EA-7FN672CTW=LFE3-150EA-7FN672CES
LFE3-150EA-8FN672CTW=LFE3-150EA-8FN672CES
LFE3-150EA-6FN1156CTW=LFE3-150EA-6FN1156CES
LFE3-150EA-7FN1156CTW=LFE3-150EA-7FN1156CES
LFE3-150EA-8FN1156CTW=LFE3-150EA-8FN1156CES
LFE3-150EA-6FN672ITW=LFE3-150EA-6FN672IES
LFE3-150EA-7FN672ITW=LFE3-150EA-7FN672IES
LFE3-150EA-8FN672ITW=LFE3-150EA-8FN672IES
LFE3-150EA-6FN1156ITW=LFE3-150EA-6FN1156IES
LFE3-150EA-7FN1156ITW=LFE3-150EA-7FN1156IES
LFE3-150EA-8FN1156ITW=LFE3-150EA-8FN1156IES

;============ XO2 ===========
;LCMXO2-2000ZE-1UWG49ITR=LCMXO2-2000ZE-2MG132I

;============ POJO2 ===========
LPTM20-860A222-1TG128C=LPTM21-1AFTG237C
LPTM20-1ATG128C=LPTM21-1AFTG237C
LPTM20-1ATG128I=LPTM21-1AFTG237I
LPTM21-10108A224-1FTG232C=LPTM21-1AFTG237C
LPTM24-12150A448-1FTG232C=LPTM21-1AFTG237C 
LPTM24-12230A448-1CAG402C=LPTM21-1AFTG237C 
LPTM27-12150A448-1FTG232C=LPTM21-1AFTG237C 
LPTM27-12250A448-1FTG402C=LPTM21-1AFTG237C 

;============ ECP4U/M ===========
LFE4U-25F-6BG381C=	LFE5U-25F-6BG381C
LFE4U-25F-7BG381C=	LFE5U-25F-7BG381C
LFE4U-25F-8BG381C=	LFE5U-25F-8BG381C
LFE4U-25F-6BG381I=	LFE5U-25F-6BG381I
LFE4U-25F-7BG381I=	LFE5U-25F-7BG381I
LFE4U-25F-8BG381I=	LFE5U-25F-8BG381I
LFE4U-45F-6BG381C=	LFE5U-45F-6BG381C
LFE4U-45F-7BG381C=	LFE5U-45F-7BG381C
LFE4U-45F-8BG381C=	LFE5U-45F-8BG381C
LFE4U-45F-6BG381I=	LFE5U-45F-6BG381I
LFE4U-45F-7BG381I=	LFE5U-45F-7BG381I
LFE4U-45F-8BG381I=	LFE5U-45F-8BG381I
LFE4U-45F-6BG554C=	LFE5U-45F-6BG554C
LFE4U-45F-7BG554C=	LFE5U-45F-7BG554C
LFE4U-45F-8BG554C=	LFE5U-45F-8BG554C
LFE4U-45F-6BG554I=	LFE5U-45F-6BG554I
LFE4U-45F-7BG554I=	LFE5U-45F-7BG554I
LFE4U-45F-8BG554I=	LFE5U-45F-8BG554I
LFE4U-85F-6BG381C=	LFE5U-85F-6BG381C
LFE4U-85F-7BG381C=	LFE5U-85F-7BG381C
LFE4U-85F-8BG381C=	LFE5U-85F-8BG381C
LFE4U-85F-6BG381I=	LFE5U-85F-6BG381I
LFE4U-85F-7BG381I=	LFE5U-85F-7BG381I
LFE4U-85F-8BG381I=	LFE5U-85F-8BG381I
LFE4U-85F-6BG554C=	LFE5U-85F-6BG554C
LFE4U-85F-7BG554C=	LFE5U-85F-7BG554C
LFE4U-85F-8BG554C=	LFE5U-85F-8BG554C
LFE4U-85F-6BG554I=	LFE5U-85F-6BG554I
LFE4U-85F-7BG554I=	LFE5U-85F-7BG554I
LFE4U-85F-8BG554I=	LFE5U-85F-8BG554I
LFE4U-85F-6BG756C=	LFE5U-85F-6BG756C
LFE4U-85F-7BG756C=	LFE5U-85F-7BG756C
LFE4U-85F-8BG756C=	LFE5U-85F-8BG756C
LFE4U-85F-6BG756I=	LFE5U-85F-6BG756I
LFE4U-85F-7BG756I=	LFE5U-85F-7BG756I
LFE4U-85F-8BG756I=	LFE5U-85F-8BG756I
LFE4UM-25F-6BG381C=	LFE5UM-25F-6BG381C
LFE4UM-25F-7BG381C=	LFE5UM-25F-7BG381C
LFE4UM-25F-8BG381C=	LFE5UM-25F-8BG381C
LFE4UM-25F-6BG381I=	LFE5UM-25F-6BG381I
LFE4UM-25F-7BG381I=	LFE5UM-25F-7BG381I
LFE4UM-25F-8BG381I=	LFE5UM-25F-8BG381I
LAE4UM-25F-6BG381E=	LAE5UM-25F-6BG381E
LFE4UM-45F-6BG381C=	LFE5UM-45F-6BG381C
LFE4UM-45F-7BG381C=	LFE5UM-45F-7BG381C
LFE4UM-45F-8BG381C=	LFE5UM-45F-8BG381C
LFE4UM-45F-6BG381I=	LFE5UM-45F-6BG381I
LFE4UM-45F-7BG381I=	LFE5UM-45F-7BG381I
LFE4UM-45F-8BG381I=	LFE5UM-45F-8BG381I
LFE4UM-45F-6BG554C=	LFE5UM-45F-6BG554C
LFE4UM-45F-7BG554C=	LFE5UM-45F-7BG554C
LFE4UM-45F-8BG554C=	LFE5UM-45F-8BG554C
LFE4UM-45F-6BG554I=	LFE5UM-45F-6BG554I
LFE4UM-45F-7BG554I=	LFE5UM-45F-7BG554I
LFE4UM-45F-8BG554I=	LFE5UM-45F-8BG554I
LAE4UM-45F-6MG285E=	LAE5UM-45F-6MG285E
LAE4UM-45F-6BG554E=	LAE5UM-45F-6BG554E
LFE4UM-85F-6BG381C=	LFE5UM-85F-6BG381C
LFE4UM-85F-7BG381C=	LFE5UM-85F-7BG381C
LFE4UM-85F-8BG381C=	LFE5UM-85F-8BG381C
LFE4UM-85F-6BG381I=	LFE5UM-85F-6BG381I
LFE4UM-85F-7BG381I=	LFE5UM-85F-7BG381I
LFE4UM-85F-8BG381I=	LFE5UM-85F-8BG381I
LFE4UM-85F-6BG554C=	LFE5UM-85F-6BG554C
LFE4UM-85F-7BG554C=	LFE5UM-85F-7BG554C
LFE4UM-85F-8BG554C=	LFE5UM-85F-8BG554C
LFE4UM-85F-6BG554I=	LFE5UM-85F-6BG554I
LFE4UM-85F-7BG554I=	LFE5UM-85F-7BG554I
LFE4UM-85F-8BG554I=	LFE5UM-85F-8BG554I
LFE4UM-85F-6BG756C=	LFE5UM-85F-6BG756C
LFE4UM-85F-7BG756C=	LFE5UM-85F-7BG756C
LFE4UM-85F-8BG756C=	LFE5UM-85F-8BG756C
LFE4UM-85F-6BG756I=	LFE5UM-85F-6BG756I
LFE4UM-85F-7BG756I=	LFE5UM-85F-7BG756I
LFE4UM-85F-8BG756I=	LFE5UM-85F-8BG756I
LAE4UM-85F-6BG756E=	LAE5UM-85F-6BG756E

;============ ECP5U/M ===========
;LFE5U-85F-6MG285C=LFE5U-85F-6MG285CES
;LFE5U-85F-7MG285C=LFE5U-85F-7MG285CES
;LFE5U-85F-8MG285C=LFE5U-85F-8MG285CES
;LFE5U-85F-6MG285I=LFE5U-85F-6MG285IES
;LFE5U-85F-7MG285I=LFE5U-85F-7MG285IES
;LFE5U-85F-8MG285I=LFE5U-85F-8MG285IES
;LFE5U-85F-6BG381C=LFE5U-85F-6BG381CES
;LFE5U-85F-7BG381C=LFE5U-85F-7BG381CES
;LFE5U-85F-8BG381C=LFE5U-85F-8BG381CES
;LFE5U-85F-6BG381I=LFE5U-85F-6BG381IES
;LFE5U-85F-7BG381I=LFE5U-85F-7BG381IES
;LFE5U-85F-8BG381I=LFE5U-85F-8BG381IES
;LFE5U-85F-6BG554C=LFE5U-85F-6BG554CES
;LFE5U-85F-7BG554C=LFE5U-85F-7BG554CES
;LFE5U-85F-8BG554C=LFE5U-85F-8BG554CES
;LFE5U-85F-6BG554I=LFE5U-85F-6BG554IES
;LFE5U-85F-7BG554I=LFE5U-85F-7BG554IES
;LFE5U-85F-8BG554I=LFE5U-85F-8BG554IES
;LFE5U-85F-6BG756C=LFE5U-85F-6BG756CES
;LFE5U-85F-7BG756C=LFE5U-85F-7BG756CES
;LFE5U-85F-8BG756C=LFE5U-85F-8BG756CES
;LFE5U-85F-6BG756I=LFE5U-85F-6BG756IES
;LFE5U-85F-7BG756I=LFE5U-85F-7BG756IES
;LFE5U-85F-8BG756I=LFE5U-85F-8BG756IES

;LFE5UM-85F-6MG285C=LFE5UM-85F-6MG285CES
;LFE5UM-85F-7MG285C=LFE5UM-85F-7MG285CES
;LFE5UM-85F-8MG285C=LFE5UM-85F-8MG285CES
;LFE5UM-85F-6MG285I=LFE5UM-85F-6MG285IES
;LFE5UM-85F-7MG285I=LFE5UM-85F-7MG285IES
;LFE5UM-85F-8MG285I=LFE5UM-85F-8MG285IES
;LFE5UM-85F-6BG381C=LFE5UM-85F-6BG381CES
;LFE5UM-85F-7BG381C=LFE5UM-85F-7BG381CES
;LFE5UM-85F-8BG381C=LFE5UM-85F-8BG381CES
;LFE5UM-85F-6BG381I=LFE5UM-85F-6BG381IES
;LFE5UM-85F-7BG381I=LFE5UM-85F-7BG381IES
;LFE5UM-85F-8BG381I=LFE5UM-85F-8BG381IES
;LFE5UM-85F-6BG554C=LFE5UM-85F-6BG554CES
;LFE5UM-85F-7BG554C=LFE5UM-85F-7BG554CES
;LFE5UM-85F-8BG554C=LFE5UM-85F-8BG554CES
;LFE5UM-85F-6BG554I=LFE5UM-85F-6BG554IES
;LFE5UM-85F-7BG554I=LFE5UM-85F-7BG554IES
;LFE5UM-85F-8BG554I=LFE5UM-85F-8BG554IES
;LFE5UM-85F-6BG756C=LFE5UM-85F-6BG756CES
;LFE5UM-85F-7BG756C=LFE5UM-85F-7BG756CES
;LFE5UM-85F-8BG756C=LFE5UM-85F-8BG756CES
;LFE5UM-85F-6BG756I=LFE5UM-85F-6BG756IES
;LFE5UM-85F-7BG756I=LFE5UM-85F-7BG756IES
;LFE5UM-85F-8BG756I=LFE5UM-85F-8BG756IES
;LAE5UM-85F-6BG756E=LAE5UM-85F-6BG756EES

;============ LIFMD ===========
LIF-MD5600-6UWG36I=LIF-MD6000-6UWG36I
LIF-MD5600-6UMG64I=LIF-MD6000-6UMG64I
LIF-MD5600-6MG81I=LIF-MD6000-6MG81I

[Not Recommend]
; the user have choice to use the recommended device or keep on
; the old device for those "not recommended" ones. Device list
; provide the information about it.

;3/2/2010 cxi - 8.1 dev list rev 2 & 4 - move some SC/M devices to "not recommended"
;============ SC ===========
LFSC3GA25E-5FF1020C=LFSC3GA25E-5FFA1020C
LFSC3GA25E-6FF1020C=LFSC3GA25E-6FFA1020C
LFSC3GA25E-7FF1020C=LFSC3GA25E-7FFA1020C
LFSC3GA25E-5FF1020I=LFSC3GA25E-5FFA1020I
LFSC3GA25E-6FF1020I=LFSC3GA25E-6FFA1020I

LFSC3GA40E-5FF1020C=LFSC3GA40E-5FFA1020C
LFSC3GA40E-6FF1020C=LFSC3GA40E-6FFA1020C
LFSC3GA40E-7FF1020C=LFSC3GA40E-7FFA1020C
LFSC3GA40E-5FC1152C=LFSC3GA40E-5FF1152C
LFSC3GA40E-6FC1152C=LFSC3GA40E-6FF1152C
LFSC3GA40E-7FC1152C=LFSC3GA40E-7FF1152C
LFSC3GA40E-5FF1020I=LFSC3GA40E-5FFA1020I
LFSC3GA40E-6FF1020I=LFSC3GA40E-6FFA1020I
LFSC3GA40E-5FC1152I=LFSC3GA40E-5FF1152I
LFSC3GA40E-6FC1152I=LFSC3GA40E-6FF1152I

LFSC3GA80E-5FC1152C=LFSC3GA80E-5FF1152C
LFSC3GA80E-6FC1152C=LFSC3GA80E-6FF1152C
LFSC3GA80E-7FC1152C=LFSC3GA80E-7FF1152C
LFSC3GA80E-5FC1704C=LFSC3GA80E-5FF1704C
LFSC3GA80E-6FC1704C=LFSC3GA80E-6FF1704C
LFSC3GA80E-7FC1704C=LFSC3GA80E-7FF1704C
LFSC3GA80E-5FC1152I=LFSC3GA80E-5FF1152I
LFSC3GA80E-6FC1152I=LFSC3GA80E-6FF1152I
LFSC3GA80E-5FC1704I=LFSC3GA80E-5FF1704I
LFSC3GA80E-6FC1704I=LFSC3GA80E-6FF1704I

LFSC3GA115E-5FC1152C=LFSC3GA115E-5FF1152C
LFSC3GA115E-6FC1152C=LFSC3GA115E-6FF1152C
LFSC3GA115E-7FC1152C=LFSC3GA115E-7FF1152C
LFSC3GA115E-5FC1704C=LFSC3GA115E-5FF1704C
LFSC3GA115E-6FC1704C=LFSC3GA115E-6FF1704C
LFSC3GA115E-7FC1704C=LFSC3GA115E-7FF1704C
LFSC3GA115E-5FC1152I=LFSC3GA115E-5FF1152I
LFSC3GA115E-6FC1152I=LFSC3GA115E-6FF1152I

;3/2/2010 cxi - 8.1 dev list rev 2 & 4 - move some SC/M devices to "not recommended"
;============ SCM ===========
LFSCM3GA25EP1-5FF1020C=LFSCM3GA25EP1-5FFA1020C
LFSCM3GA25EP1-6FF1020C=LFSCM3GA25EP1-6FFA1020C
LFSCM3GA25EP1-7FF1020C=LFSCM3GA25EP1-7FFA1020C
LFSCM3GA25EP1-5FF1020I=LFSCM3GA25EP1-5FFA1020I
LFSCM3GA25EP1-6FF1020I=LFSCM3GA25EP1-6FFA1020I

LFSCM3GA40EP1-5FF1020C=LFSCM3GA40EP1-5FFA1020C
LFSCM3GA40EP1-6FF1020C=LFSCM3GA40EP1-6FFA1020C
LFSCM3GA40EP1-7FF1020C=LFSCM3GA40EP1-7FFA1020C
LFSCM3GA40EP1-5FC1152C=LFSCM3GA40EP1-5FF1152C
LFSCM3GA40EP1-6FC1152C=LFSCM3GA40EP1-6FF1152C
LFSCM3GA40EP1-7FC1152C=LFSCM3GA40EP1-7FF1152C
LFSCM3GA40EP1-5FF1020I=LFSCM3GA40EP1-5FFA1020I
LFSCM3GA40EP1-6FF1020I=LFSCM3GA40EP1-6FFA1020I
LFSCM3GA40EP1-5FC1152I=LFSCM3GA40EP1-5FF1152I
LFSCM3GA40EP1-6FC1152I=LFSCM3GA40EP1-6FF1152I

LFSCM3GA80EP1-5FC1152C=LFSCM3GA80EP1-5FF1152C
LFSCM3GA80EP1-6FC1152C=LFSCM3GA80EP1-6FF1152C
LFSCM3GA80EP1-7FC1152C=LFSCM3GA80EP1-7FF1152C
LFSCM3GA80EP1-5FC1704C=LFSCM3GA80EP1-5FF1704C
LFSCM3GA80EP1-6FC1704C=LFSCM3GA80EP1-6FF1704C
LFSCM3GA80EP1-7FC1704C=LFSCM3GA80EP1-7FF1704C
LFSCM3GA80EP1-5FC1152I=LFSCM3GA80EP1-5FF1152I
LFSCM3GA80EP1-6FC1152I=LFSCM3GA80EP1-6FF1152I
LFSCM3GA80EP1-5FC1704I=LFSCM3GA80EP1-5FF1704I
LFSCM3GA80EP1-6FC1704I=LFSCM3GA80EP1-6FF1704I

LFSCM3GA115EP1-5FC1152C=LFSCM3GA115EP1-5FF1152C
LFSCM3GA115EP1-6FC1152C=LFSCM3GA115EP1-6FF1152C
LFSCM3GA115EP1-7FC1152C=LFSCM3GA115EP1-7FF1152C
LFSCM3GA115EP1-5FC1704C=LFSCM3GA115EP1-5FF1704C
LFSCM3GA115EP1-6FC1704C=LFSCM3GA115EP1-6FF1704C
LFSCM3GA115EP1-7FC1704C=LFSCM3GA115EP1-7FF1704C
LFSCM3GA115EP1-5FC1152I=LFSCM3GA115EP1-5FF1152I
LFSCM3GA115EP1-6FC1152I=LFSCM3GA115EP1-6FF1152I
LFSCM3GA115EP1-5FC1704I=LFSCM3GA115EP1-5FF1704I
LFSCM3GA115EP1-6FC1704I=LFSCM3GA115EP1-6FF1704I
